<?xml version="1.0" encoding="UTF-8"?>
<testng-results ignored="0" total="1" passed="1" failed="0" skipped="0">
  <reporter-output>
  </reporter-output>
  <suite started-at="2023-12-07T13:07:10 EST" name="Default suite" finished-at="2023-12-07T13:07:42 EST" duration-ms="31357">
    <groups>
      <group name="cucumber">
        <method signature="AbstractTestNGCucumberTests.runScenario(io.cucumber.testng.PickleWrapper,io.cucumber.testng.FeatureWrapper)[pri:0, instance:testrunners.MyTestRunner@77659b30]" name="runScenario" class="io.cucumber.testng.AbstractTestNGCucumberTests"/>
      </group> <!-- cucumber -->
    </groups>
    <test started-at="2023-12-07T13:07:10 EST" name="Default test" finished-at="2023-12-07T13:07:42 EST" duration-ms="31357">
      <class name="testrunners.MyTestRunner">
        <test-method is-config="true" signature="setUpClass(org.testng.ITestContext)[pri:0, instance:testrunners.MyTestRunner@77659b30]" started-at="2023-12-07T13:07:10 EST" name="setUpClass" finished-at="2023-12-07T13:07:16 EST" duration-ms="5222" status="PASS">
          <params>
            <param index="0">
              <value>
                <![CDATA[org.testng.TestRunner@6068cda1]]>
              </value>
            </param>
          </params>
          <reporter-output>
          </reporter-output>
        </test-method> <!-- setUpClass -->
        <test-method signature="runScenario(io.cucumber.testng.PickleWrapper,io.cucumber.testng.FeatureWrapper)[pri:0, instance:testrunners.MyTestRunner@77659b30]" started-at="2023-12-07T13:07:16 EST" name="runScenario" description="Runs Cucumber Scenarios" data-provider="scenarios" finished-at="2023-12-07T13:07:41 EST" duration-ms="25213" status="PASS">
          <params>
            <param index="0">
              <value>
                <![CDATA["Extract Recipe Titles"]]>
              </value>
            </param>
            <param index="1">
              <value>
                <![CDATA["Optional[Web Scraping Feature]"]]>
              </value>
            </param>
          </params>
          <reporter-output>
          </reporter-output>
        </test-method> <!-- runScenario -->
        <test-method is-config="true" signature="tearDownClass()[pri:0, instance:testrunners.MyTestRunner@77659b30]" started-at="2023-12-07T13:07:41 EST" name="tearDownClass" finished-at="2023-12-07T13:07:42 EST" duration-ms="654" status="PASS">
          <reporter-output>
          </reporter-output>
        </test-method> <!-- tearDownClass -->
      </class> <!-- testrunners.MyTestRunner -->
    </test> <!-- Default test -->
  </suite> <!-- Default suite -->
</testng-results>
